*** Starting uWSGI 2.0.31 (64bit) on [Sat Jan 24 10:37:23 2026] ***
compiled with version: 15.2.1 20251112 on 16 December 2025 09:14:25
os: Linux-6.18.5-arch1-1 #1 SMP PREEMPT_DYNAMIC Sun, 11 Jan 2026 17:10:53 +0000
nodename: webmis
machine: x86_64
clock source: unix
pcre jit disabled
detected number of CPU cores: 16
current working directory: /home/webmis/works/www/webmis/python
writing pidfile to /home/webmis/works/www/webmis/python/uwsgi/uwsgi.pid
detected binary path: /usr/bin/uwsgi
chdir() to /home/webmis/works/www/webmis/python/
your processes number limit is 60963
your memory page size is 4096 bytes
 *** WARNING: you have enabled harakiri without post buffering. Slow upload could be rejected on post-unbuffered webservers *** 
detected max file descriptor number: 524288
lock engine: pthread robust mutexes
thunder lock: disabled (you can enable it with --thunder-lock)
uwsgi socket 0 bound to UNIX address /home/webmis/works/www/webmis/python/uwsgi/uwsgi.sock fd 3
your server socket listen backlog is limited to 100 connections
your mercy for graceful operations on workers is 60 seconds
mapped 730560 bytes (713 KB) for 32 cores
*** Operational MODE: preforking+threaded ***
*** no app loaded. going in full dynamic mode ***
*** uWSGI is running in multiple interpreter mode ***
spawned uWSGI master process (pid: 50689)
spawned uWSGI worker 1 (pid: 50691, cores: 8)
spawned uWSGI worker 2 (pid: 50692, cores: 8)
spawned uWSGI worker 3 (pid: 50701, cores: 8)
spawned uWSGI worker 4 (pid: 50714, cores: 8)
*** Stats server enabled on 127.0.0.1:9010 fd: 15 ***
SIGINT/SIGTERM received...killing workers...
worker 1 buried after 1 seconds
worker 2 buried after 1 seconds
worker 3 buried after 1 seconds
worker 4 buried after 1 seconds
goodbye to uWSGI.
VACUUM: pidfile removed.
VACUUM: unix socket /home/webmis/works/www/webmis/python/uwsgi/uwsgi.sock removed.
